<?xml version="1.0" encoding="UTF-8"?>
<!-- Generated by org.testng.reporters.JUnitXMLReporter -->
<testsuite ignored="0" hostname="Vijayaragavan" failures="0" tests="7" name="Default test" time="27.525" errors="0" timestamp="2025-03-23T22:30:14 IST">
  <testcase classname="com.execution.TestExecutionPage" name="navigateToDemoBlaze" time="1.563"/>
  <testcase classname="com.execution.TestExecutionPage" name="buyPhone" time="3.379"/>
  <testcase classname="com.execution.TestExecutionPage" name="addLaptop" time="2.368"/>
  <testcase classname="com.execution.TestExecutionPage" name="addMonitor" time="3.008"/>
  <testcase classname="com.execution.TestExecutionPage" name="removePhoneFromCartPage" time="12.19"/>
  <testcase classname="com.execution.TestExecutionPage" name="placeOrder" time="0.198"/>
  <testcase classname="com.execution.TestExecutionPage" name="verifyPurchaseDetails" time="0.114"/>
</testsuite> <!-- Default test -->
