<?xml version="1.0" encoding="UTF-8"?>
<!-- Generated by org.testng.reporters.JUnitXMLReporter -->
<testsuite ignored="0" hostname="Vijayaragavan" failures="0" tests="7" name="Test" time="32.8" errors="0" timestamp="2025-03-24T12:35:37 IST">
  <testcase classname="com.execution.TestExecutionPage" name="navigateToDemoBlaze" time="1.843"/>
  <testcase classname="com.execution.TestExecutionPage" name="buyPhone" time="3.833"/>
  <testcase classname="com.execution.TestExecutionPage" name="addLaptop" time="2.425"/>
  <testcase classname="com.execution.TestExecutionPage" name="addMonitor" time="3.365"/>
  <testcase classname="com.execution.TestExecutionPage" name="removePhoneFromCartPage" time="13.697"/>
  <testcase classname="com.execution.TestExecutionPage" name="placeOrder" time="0.42"/>
  <testcase classname="com.execution.TestExecutionPage" name="verifyPurchaseDetails" time="0.189"/>
</testsuite> <!-- Test -->
