<?xml version="1.0" encoding="UTF-8"?>
<testng-results ignored="0" total="7" passed="7" failed="0" skipped="0">
  <reporter-output>
  </reporter-output>
  <suite started-at="2025-03-24T12:35:04 IST" name="Suite" finished-at="2025-03-24T12:35:36 IST" duration-ms="32800">
    <groups>
    </groups>
    <test started-at="2025-03-24T12:35:04 IST" name="Test" finished-at="2025-03-24T12:35:36 IST" duration-ms="32800">
      <class name="com.execution.TestExecutionPage">
        <test-method is-config="true" signature="browserSetup()[pri:0, instance:com.execution.TestExecutionPage@6138e79a]" started-at="2025-03-24T12:35:04 IST" name="browserSetup" finished-at="2025-03-24T12:35:10 IST" duration-ms="6105" status="PASS">
          <reporter-output>
          </reporter-output>
        </test-method> <!-- browserSetup -->
        <test-method signature="navigateToDemoBlaze()[pri:1, instance:com.execution.TestExecutionPage@6138e79a]" started-at="2025-03-24T12:35:10 IST" name="navigateToDemoBlaze" finished-at="2025-03-24T12:35:12 IST" duration-ms="1843" status="PASS">
          <reporter-output>
          </reporter-output>
        </test-method> <!-- navigateToDemoBlaze -->
        <test-method signature="buyPhone()[pri:2, instance:com.execution.TestExecutionPage@6138e79a]" started-at="2025-03-24T12:35:12 IST" name="buyPhone" finished-at="2025-03-24T12:35:15 IST" duration-ms="3833" status="PASS">
          <reporter-output>
          </reporter-output>
        </test-method> <!-- buyPhone -->
        <test-method signature="addLaptop()[pri:3, instance:com.execution.TestExecutionPage@6138e79a]" started-at="2025-03-24T12:35:15 IST" name="addLaptop" finished-at="2025-03-24T12:35:18 IST" duration-ms="2425" status="PASS">
          <reporter-output>
          </reporter-output>
        </test-method> <!-- addLaptop -->
        <test-method signature="addMonitor()[pri:4, instance:com.execution.TestExecutionPage@6138e79a]" started-at="2025-03-24T12:35:18 IST" name="addMonitor" finished-at="2025-03-24T12:35:21 IST" duration-ms="3365" status="PASS">
          <reporter-output>
          </reporter-output>
        </test-method> <!-- addMonitor -->
        <test-method signature="removePhoneFromCartPage()[pri:5, instance:com.execution.TestExecutionPage@6138e79a]" started-at="2025-03-24T12:35:21 IST" name="removePhoneFromCartPage" finished-at="2025-03-24T12:35:35 IST" duration-ms="13697" status="PASS">
          <reporter-output>
          </reporter-output>
        </test-method> <!-- removePhoneFromCartPage -->
        <test-method signature="placeOrder()[pri:6, instance:com.execution.TestExecutionPage@6138e79a]" started-at="2025-03-24T12:35:35 IST" name="placeOrder" finished-at="2025-03-24T12:35:35 IST" duration-ms="420" status="PASS">
          <reporter-output>
          </reporter-output>
        </test-method> <!-- placeOrder -->
        <test-method signature="verifyPurchaseDetails()[pri:7, instance:com.execution.TestExecutionPage@6138e79a]" started-at="2025-03-24T12:35:35 IST" name="verifyPurchaseDetails" finished-at="2025-03-24T12:35:36 IST" duration-ms="189" status="PASS">
          <reporter-output>
          </reporter-output>
        </test-method> <!-- verifyPurchaseDetails -->
        <test-method is-config="true" signature="CloseBrowser()[pri:0, instance:com.execution.TestExecutionPage@6138e79a]" started-at="2025-03-24T12:35:36 IST" name="CloseBrowser" finished-at="2025-03-24T12:35:36 IST" duration-ms="836" status="PASS">
          <reporter-output>
          </reporter-output>
        </test-method> <!-- CloseBrowser -->
      </class> <!-- com.execution.TestExecutionPage -->
    </test> <!-- Test -->
  </suite> <!-- Suite -->
</testng-results>
